0 verbose cli C:\Program Files\nodejs\node.exe C:\Program Files\nodejs\node_modules\npm\bin\npm-cli.js
1 info using npm@10.2.4
2 info using node@v20.11.0
3 timing npm:load:whichnode Completed in 3ms
4 timing config:load:defaults Completed in 4ms
5 timing config:load:file:C:\Program Files\nodejs\node_modules\npm\npmrc Completed in 5ms
6 timing config:load:builtin Completed in 5ms
7 timing config:load:cli Completed in 3ms
8 timing config:load:env Completed in 1ms
9 timing config:load:file:c:\Users\user\Desktop\capstone-2024-wilfrida\Capstone-Web-2024-WilfridaSisilia\Nextjs React\doctor-appointment-booking-web-app\.npmrc Completed in 0ms
10 timing config:load:project Completed in 4ms
11 timing config:load:file:C:\Users\user\.npmrc Completed in 1ms
12 timing config:load:user Completed in 1ms
13 timing config:load:file:C:\Users\user\Desktop\capstone-2024-wilfrida\Capstone-Web-2024-WilfridaSisilia\Nextjs React\doctor-appointment-booking-web-app\UsersuserAppDataRoamingnpm\etc\npmrc Completed in 0ms
14 timing config:load:global Completed in 1ms
15 timing config:load:setEnvs Completed in 1ms
16 timing config:load Completed in 20ms
17 timing npm:load:configload Completed in 21ms
18 timing config:load:flatten Completed in 4ms
19 timing npm:load:mkdirpcache Completed in 0ms
20 timing npm:load:mkdirplogs Completed in 0ms
21 verbose title npm view class-variance-authority description dist-tags.latest homepage version time
22 verbose argv "view" "--json" "--" "class-variance-authority" "description" "dist-tags.latest" "homepage" "version" "time"
23 timing npm:load:setTitle Completed in 1ms
24 timing npm:load:display Completed in 1ms
25 verbose logfile logs-max:10 dir:C:\Users\user\Desktop\capstone-2024-wilfrida\Capstone-Web-2024-WilfridaSisilia\Nextjs React\doctor-appointment-booking-web-app\UsersuserAppDataRoamingnpm-cache\_logs\2024-03-31T04_36_55_281Z-
26 verbose logfile C:\Users\user\Desktop\capstone-2024-wilfrida\Capstone-Web-2024-WilfridaSisilia\Nextjs React\doctor-appointment-booking-web-app\UsersuserAppDataRoamingnpm-cache\_logs\2024-03-31T04_36_55_281Z-debug-0.log
27 timing npm:load:logFile Completed in 16ms
28 timing npm:load:timers Completed in 1ms
29 timing npm:load:configScope Completed in 0ms
30 timing npm:load Completed in 81ms
31 silly logfile done cleaning log files
32 http fetch GET 200 https://registry.npmjs.org/class-variance-authority 1284ms (cache miss)
33 timing command:view Completed in 1295ms
34 verbose exit 0
35 timing npm Completed in 1687ms
36 info ok
